# JRE version: Java(TM) SE Runtime Environment (10.0.2+13) (build 10.0.2+13)
# Java VM: Java HotSpot(TM) 64-Bit Server VM (10.0.2+13, mixed mode, tiered, compressed oops, g1 gc, windows-amd64)
Heap:
 garbage-first heap   total 96256K, used 60873K [0x0000000082000000, 0x0000000100000000)
  region size 1024K, 34 young (34816K), 4 survivors (4096K)
 Metaspace       used 63209K, capacity 65229K, committed 66204K, reserved 1105920K
  class space    used 8078K, capacity 8828K, committed 9116K, reserved 1048576K
GC Heap History (10 events):
Event: 2868.683 GC heap before
{Heap before GC invocations=27 (full 5):
 garbage-first heap   total 96256K, used 76655K [0x0000000082000000, 0x0000000100000000)
  region size 1024K, 48 young (49152K), 0 survivors (0K)
 Metaspace       used 63405K, capacity 65621K, committed 65820K, reserved 1105920K
  class space    used 8166K, capacity 8965K, committed 8988K, reserved 1048576K
}
Event: 2868.686 GC heap after
{Heap after GC invocations=28 (full 5):
 garbage-first heap   total 96256K, used 30241K [0x0000000082000000, 0x0000000100000000)
  region size 1024K, 3 young (3072K), 3 survivors (3072K)
 Metaspace       used 63405K, capacity 65621K, committed 65820K, reserved 1105920K
  class space    used 8166K, capacity 8965K, committed 8988K, reserved 1048576K
}
Event: 2868.855 GC heap before
{Heap before GC invocations=28 (full 5):
 garbage-first heap   total 96256K, used 77345K [0x0000000082000000, 0x0000000100000000)
  region size 1024K, 49 young (50176K), 3 survivors (3072K)
 Metaspace       used 63442K, capacity 65629K, committed 65820K, reserved 1105920K
  class space    used 8171K, capacity 8968K, committed 8988K, reserved 1048576K
}
Event: 2868.859 GC heap after
{Heap after GC invocations=29 (full 5):
 garbage-first heap   total 96256K, used 31001K [0x0000000082000000, 0x0000000100000000)
  region size 1024K, 4 young (4096K), 4 survivors (4096K)
 Metaspace       used 63442K, capacity 65629K, committed 65820K, reserved 1105920K
  class space    used 8171K, capacity 8968K, committed 8988K, reserved 1048576K
}
Event: 3130.844 GC heap before
{Heap before GC invocations=29 (full 5):
 garbage-first heap   total 96256K, used 64793K [0x0000000082000000, 0x0000000100000000)
  region size 1024K, 38 young (38912K), 4 survivors (4096K)
 Metaspace       used 63574K, capacity 65805K, committed 65948K, reserved 1105920K
  class space    used 8186K, capacity 9016K, committed 9116K, reserved 1048576K
}
Event: 3130.905 GC heap after
{Heap after GC invocations=30 (full 6):
 garbage-first heap   total 96256K, used 27690K [0x0000000082000000, 0x0000000100000000)
  region size 1024K, 0 young (0K), 0 survivors (0K)
 Metaspace       used 63061K, capacity 65039K, committed 65948K, reserved 1105920K
  class space    used 8064K, capacity 8787K, committed 9116K, reserved 1048576K
}
Event: 3131.314 GC heap before
{Heap before GC invocations=30 (full 6):
 garbage-first heap   total 96256K, used 75818K [0x0000000082000000, 0x0000000100000000)
  region size 1024K, 47 young (48128K), 0 survivors (0K)
 Metaspace       used 63094K, capacity 65129K, committed 66204K, reserved 1105920K
  class space    used 8068K, capacity 8792K, committed 9116K, reserved 1048576K
}
Event: 3131.319 GC heap after
{Heap after GC invocations=31 (full 6):
 garbage-first heap   total 96256K, used 30710K [0x0000000082000000, 0x0000000100000000)
  region size 1024K, 3 young (3072K), 3 survivors (3072K)
 Metaspace       used 63094K, capacity 65129K, committed 66204K, reserved 1105920K
  class space    used 8068K, capacity 8792K, committed 9116K, reserved 1048576K
}
Event: 3131.467 GC heap before
{Heap before GC invocations=31 (full 6):
 garbage-first heap   total 96256K, used 76790K [0x0000000082000000, 0x0000000100000000)
  region size 1024K, 48 young (49152K), 3 survivors (3072K)
 Metaspace       used 63094K, capacity 65129K, committed 66204K, reserved 1105920K
  class space    used 8068K, capacity 8792K, committed 9116K, reserved 1048576K
}
Event: 3131.472 GC heap after
{Heap after GC invocations=32 (full 6):
 garbage-first heap   total 96256K, used 31177K [0x0000000082000000, 0x0000000100000000)
  region size 1024K, 4 young (4096K), 4 survivors (4096K)
 Metaspace       used 63094K, capacity 65129K, committed 66204K, reserved 1105920K
  class space    used 8068K, capacity 8792K, committed 9116K, reserved 1048576K
}

